This is pdfTeX, Version 3.14159265-2.6-1.40.20 (TeX Live 2019/Debian) (preloaded format=pdflatex 2020.7.8)  29 MAY 2021 12:41
entering extended mode
 restricted \write18 enabled.
 %&-line parsing enabled.
**document.tex
(./document.tex
LaTeX2e <2020-02-02> patch level 2
L3 programming layer <2020-02-14>
(/usr/share/texlive/texmf-dist/tex/latex/base/article.cls
Document Class: article 2019/12/20 v1.4l Standard LaTeX document class
(/usr/share/texlive/texmf-dist/tex/latex/base/size11.clo
File: size11.clo 2019/12/20 v1.4l Standard LaTeX file (size option)
)
\c@part=\count167
\c@section=\count168
\c@subsection=\count169
\c@subsubsection=\count170
\c@paragraph=\count171
\c@subparagraph=\count172
\c@figure=\count173
\c@table=\count174
\abovecaptionskip=\skip47
\belowcaptionskip=\skip48
\bibindent=\dimen134
)
(/usr/share/texlive/texmf-dist/tex/latex/graphics/graphicx.sty
Package: graphicx 2019/11/30 v1.2a Enhanced LaTeX Graphics (DPC,SPQR)

(/usr/share/texlive/texmf-dist/tex/latex/graphics/keyval.sty
Package: keyval 2014/10/28 v1.15 key=value parser (DPC)
\KV@toks@=\toks14
)
(/usr/share/texlive/texmf-dist/tex/latex/graphics/graphics.sty
Package: graphics 2019/11/30 v1.4a Standard LaTeX Graphics (DPC,SPQR)

(/usr/share/texlive/texmf-dist/tex/latex/graphics/trig.sty
Package: trig 2016/01/03 v1.10 sin cos tan (DPC)
)
(/usr/share/texlive/texmf-dist/tex/latex/graphics-cfg/graphics.cfg
File: graphics.cfg 2016/06/04 v1.11 sample graphics configuration
)
Package graphics Info: Driver file: pdftex.def on input line 105.

(/usr/share/texlive/texmf-dist/tex/latex/graphics-def/pdftex.def
File: pdftex.def 2018/01/08 v1.0l Graphics/color driver for pdftex
))
\Gin@req@height=\dimen135
\Gin@req@width=\dimen136
)
(/usr/share/texlive/texmf-dist/tex/latex/amsmath/amsmath.sty
Package: amsmath 2020/01/20 v2.17e AMS math features
\@mathmargin=\skip49

For additional information on amsmath, use the `?' option.
(/usr/share/texlive/texmf-dist/tex/latex/amsmath/amstext.sty
Package: amstext 2000/06/29 v2.01 AMS text

(/usr/share/texlive/texmf-dist/tex/latex/amsmath/amsgen.sty
File: amsgen.sty 1999/11/30 v2.0 generic functions
\@emptytoks=\toks15
\ex@=\dimen137
))
(/usr/share/texlive/texmf-dist/tex/latex/amsmath/amsbsy.sty
Package: amsbsy 1999/11/29 v1.2d Bold Symbols
\pmbraise@=\dimen138
)
(/usr/share/texlive/texmf-dist/tex/latex/amsmath/amsopn.sty
Package: amsopn 2016/03/08 v2.02 operator names
)
\inf@bad=\count175
LaTeX Info: Redefining \frac on input line 227.
\uproot@=\count176
\leftroot@=\count177
LaTeX Info: Redefining \overline on input line 389.
\classnum@=\count178
\DOTSCASE@=\count179
LaTeX Info: Redefining \ldots on input line 486.
LaTeX Info: Redefining \dots on input line 489.
LaTeX Info: Redefining \cdots on input line 610.
\Mathstrutbox@=\box45
\strutbox@=\box46
\big@size=\dimen139
LaTeX Font Info:    Redeclaring font encoding OML on input line 733.
LaTeX Font Info:    Redeclaring font encoding OMS on input line 734.
\macc@depth=\count180
\c@MaxMatrixCols=\count181
\dotsspace@=\muskip16
\c@parentequation=\count182
\dspbrk@lvl=\count183
\tag@help=\toks16
\row@=\count184
\column@=\count185
\maxfields@=\count186
\andhelp@=\toks17
\eqnshift@=\dimen140
\alignsep@=\dimen141
\tagshift@=\dimen142
\tagwidth@=\dimen143
\totwidth@=\dimen144
\lineht@=\dimen145
\@envbody=\toks18
\multlinegap=\skip50
\multlinetaggap=\skip51
\mathdisplay@stack=\toks19
LaTeX Info: Redefining \[ on input line 2859.
LaTeX Info: Redefining \] on input line 2860.
)
(/usr/share/texlive/texmf-dist/tex/latex/listings/listings.sty
\lst@mode=\count187
\lst@gtempboxa=\box47
\lst@token=\toks20
\lst@length=\count188
\lst@currlwidth=\dimen146
\lst@column=\count189
\lst@pos=\count190
\lst@lostspace=\dimen147
\lst@width=\dimen148
\lst@newlines=\count191
\lst@lineno=\count192
\lst@maxwidth=\dimen149

(/usr/share/texlive/texmf-dist/tex/latex/listings/lstmisc.sty
File: lstmisc.sty 2019/09/10 1.8c (Carsten Heinz)
\c@lstnumber=\count193
\lst@skipnumbers=\count194
\lst@framebox=\box48
)
(/usr/share/texlive/texmf-dist/tex/latex/listings/listings.cfg
File: listings.cfg 2019/09/10 1.8c listings configuration
))
Package: listings 2019/09/10 1.8c (Carsten Heinz)

(/usr/share/texlive/texmf-dist/tex/latex/l3backend/l3backend-pdfmode.def
File: l3backend-pdfmode.def 2020-02-03 L3 backend support: PDF mode
\l__kernel_color_stack_int=\count195
\l__pdf_internal_box=\box49
)
(./document.aux

LaTeX Warning: Label `fig:universe' multiply defined.


LaTeX Warning: Label `fig:universe' multiply defined.


LaTeX Warning: Label `fig:universe' multiply defined.


LaTeX Warning: Label `fig:universe' multiply defined.


LaTeX Warning: Label `fig:universe' multiply defined.


LaTeX Warning: Label `fig:universe' multiply defined.


LaTeX Warning: Label `fig:universe' multiply defined.


LaTeX Warning: Label `fig:universe' multiply defined.


LaTeX Warning: Label `fig:universe' multiply defined.


LaTeX Warning: Label `fig:universe' multiply defined.


LaTeX Warning: Label `fig:universe' multiply defined.


LaTeX Warning: Label `fig:universe' multiply defined.


LaTeX Warning: Label `fig:universe' multiply defined.


LaTeX Warning: Label `fig:universe' multiply defined.

)
\openout1 = `document.aux'.

LaTeX Font Info:    Checking defaults for OML/cmm/m/it on input line 19.
LaTeX Font Info:    ... okay on input line 19.
LaTeX Font Info:    Checking defaults for OMS/cmsy/m/n on input line 19.
LaTeX Font Info:    ... okay on input line 19.
LaTeX Font Info:    Checking defaults for OT1/cmr/m/n on input line 19.
LaTeX Font Info:    ... okay on input line 19.
LaTeX Font Info:    Checking defaults for T1/cmr/m/n on input line 19.
LaTeX Font Info:    ... okay on input line 19.
LaTeX Font Info:    Checking defaults for TS1/cmr/m/n on input line 19.
LaTeX Font Info:    ... okay on input line 19.
LaTeX Font Info:    Checking defaults for OMX/cmex/m/n on input line 19.
LaTeX Font Info:    ... okay on input line 19.
LaTeX Font Info:    Checking defaults for U/cmr/m/n on input line 19.
LaTeX Font Info:    ... okay on input line 19.
 (/usr/share/texlive/texmf-dist/tex/context/base/mkii/supp-pdf.mkii
[Loading MPS to PDF converter (version 2006.09.02).]
\scratchcounter=\count196
\scratchdimen=\dimen150
\scratchbox=\box50
\nofMPsegments=\count197
\nofMParguments=\count198
\everyMPshowfont=\toks21
\MPscratchCnt=\count199
\MPscratchDim=\dimen151
\MPnumerator=\count266
\makeMPintoPDFobject=\count267
\everyMPtoPDFconversion=\toks22
) (/usr/share/texlive/texmf-dist/tex/latex/epstopdf-pkg/epstopdf-base.sty
Package: epstopdf-base 2020-01-24 v2.11 Base part for package epstopdf
Package epstopdf-base Info: Redefining graphics rule for `.eps' on input line 4
85.

(/usr/share/texlive/texmf-dist/tex/latex/latexconfig/epstopdf-sys.cfg
File: epstopdf-sys.cfg 2010/07/13 v1.3 Configuration of (r)epstopdf for TeX Liv
e
))
\c@lstlisting=\count268
<fig0.png, id=1, 462.528pt x 346.896pt>
File: fig0.png Graphic file (type png)
<use fig0.png>
Package pdftex.def Info: fig0.png  used on input line 30.
(pdftex.def)             Requested size: 277.51894pt x 208.13919pt.

[1

{/var/lib/texmf/fonts/map/pdftex/updmap/pdftex.map} <./fig0.png>]
<fig1.png, id=15, 462.528pt x 346.896pt>
File: fig1.png Graphic file (type png)
<use fig1.png>
Package pdftex.def Info: fig1.png  used on input line 38.
(pdftex.def)             Requested size: 277.51894pt x 208.13919pt.
<fig2.png, id=16, 462.528pt x 346.896pt>
File: fig2.png Graphic file (type png)
<use fig2.png>
Package pdftex.def Info: fig2.png  used on input line 45.
(pdftex.def)             Requested size: 277.51894pt x 208.13919pt.
<fig3.png, id=17, 462.528pt x 346.896pt>
File: fig3.png Graphic file (type png)
<use fig3.png>
Package pdftex.def Info: fig3.png  used on input line 54.
(pdftex.def)             Requested size: 277.51894pt x 208.13919pt.


LaTeX Warning: `!h' float specifier changed to `!ht'.

[2

 <./fig1.png> <./fig2.png>]
<fig4.png, id=25, 462.528pt x 346.896pt>
File: fig4.png Graphic file (type png)
<use fig4.png>
Package pdftex.def Info: fig4.png  used on input line 68.
(pdftex.def)             Requested size: 277.51894pt x 208.13919pt.


LaTeX Warning: `!h' float specifier changed to `!ht'.

[3 <./fig3.png>] [4 <./fig4.png>]
<fig5.png, id=34, 462.528pt x 346.896pt>
File: fig5.png Graphic file (type png)
<use fig5.png>
Package pdftex.def Info: fig5.png  used on input line 76.
(pdftex.def)             Requested size: 277.51894pt x 208.13919pt.
<fig6.png, id=35, 462.528pt x 346.896pt>
File: fig6.png Graphic file (type png)
<use fig6.png>
Package pdftex.def Info: fig6.png  used on input line 84.
(pdftex.def)             Requested size: 277.51894pt x 208.13919pt.
<fig7.png, id=36, 462.528pt x 346.896pt>
File: fig7.png Graphic file (type png)
<use fig7.png>
Package pdftex.def Info: fig7.png  used on input line 95.
(pdftex.def)             Requested size: 277.51894pt x 208.13919pt.
 [5

 <./fig5.png> <./fig6.png>] [6 <./fig7.png>]
<fig8.png, id=46, 462.528pt x 346.896pt>
File: fig8.png Graphic file (type png)
<use fig8.png>
Package pdftex.def Info: fig8.png  used on input line 102.
(pdftex.def)             Requested size: 277.51894pt x 208.13919pt.
 [7

 <./fig8.png>]
<fig9.png, id=52, 462.528pt x 346.896pt>
File: fig9.png Graphic file (type png)
<use fig9.png>
Package pdftex.def Info: fig9.png  used on input line 112.
(pdftex.def)             Requested size: 277.51894pt x 208.13919pt.
<fig10.png, id=53, 462.528pt x 346.896pt>
File: fig10.png Graphic file (type png)
<use fig10.png>
Package pdftex.def Info: fig10.png  used on input line 124.
(pdftex.def)             Requested size: 277.51894pt x 208.13919pt.


LaTeX Warning: `!h' float specifier changed to `!ht'.

[8

 <./fig9.png>]
<fig11.png, id=58, 462.528pt x 346.896pt>
File: fig11.png Graphic file (type png)
<use fig11.png>
Package pdftex.def Info: fig11.png  used on input line 140.
(pdftex.def)             Requested size: 277.51894pt x 208.13919pt.
<fig12.png, id=59, 462.528pt x 346.896pt>
File: fig12.png Graphic file (type png)
<use fig12.png>
Package pdftex.def Info: fig12.png  used on input line 146.
(pdftex.def)             Requested size: 277.51894pt x 208.13919pt.


LaTeX Warning: `!h' float specifier changed to `!ht'.


LaTeX Warning: `!h' float specifier changed to `!ht'.

[9 <./fig10.png>]
<fig13.png, id=64, 462.528pt x 346.896pt>
File: fig13.png Graphic file (type png)
<use fig13.png>
Package pdftex.def Info: fig13.png  used on input line 158.
(pdftex.def)             Requested size: 277.51894pt x 208.13919pt.


LaTeX Warning: `!h' float specifier changed to `!ht'.

<fig14.png, id=65, 462.528pt x 346.896pt>
File: fig14.png Graphic file (type png)
<use fig14.png>
Package pdftex.def Info: fig14.png  used on input line 165.
(pdftex.def)             Requested size: 277.51894pt x 208.13919pt.

LaTeX Warning: `!h' float specifier changed to `!ht'.

[10 <./fig11.png> <./fig12.png>] [11 <./fig13.png> <./fig14.png>]
(./document.aux)

LaTeX Warning: There were multiply-defined labels.

 ) 
Here is how much of TeX's memory you used:
 3216 strings out of 483140
 44105 string characters out of 5965152
 276789 words of memory out of 5000000
 18233 multiletter control sequences out of 15000+600000
 538099 words of font info for 44 fonts, out of 8000000 for 9000
 36 hyphenation exceptions out of 8191
 30i,7n,36p,318b,222s stack positions out of 5000i,500n,10000p,200000b,80000s
</usr/share/texlive/texmf-dist/fonts/type1/public/amsfonts/cm/cmbx12.pfb></us
r/share/texlive/texmf-dist/fonts/type1/public/amsfonts/cm/cmmi10.pfb></usr/shar
e/texlive/texmf-dist/fonts/type1/public/amsfonts/cm/cmmi8.pfb></usr/share/texli
ve/texmf-dist/fonts/type1/public/amsfonts/cm/cmr10.pfb></usr/share/texlive/texm
f-dist/fonts/type1/public/amsfonts/cm/cmr12.pfb></usr/share/texlive/texmf-dist/
fonts/type1/public/amsfonts/cm/cmr17.pfb></usr/share/texlive/texmf-dist/fonts/t
ype1/public/amsfonts/cm/cmr8.pfb></usr/share/texlive/texmf-dist/fonts/type1/pub
lic/amsfonts/cm/cmsy10.pfb>
Output written on document.pdf (11 pages, 506585 bytes).
PDF statistics:
 103 PDF objects out of 1000 (max. 8388607)
 51 compressed objects within 1 object stream
 0 named destinations out of 1000 (max. 500000)
 76 words of extra memory for PDF output out of 10000 (max. 10000000)

